Determining if the function crc32c_value exists in the crc32c failed with the following output:
Change Dir: /home/wp/LevelDB-CUDA/build/CMakeFiles/CMakeTmp

Run Build Command(s):/usr/bin/make cmTC_61694/fast && /usr/bin/make  -f CMakeFiles/cmTC_61694.dir/build.make CMakeFiles/cmTC_61694.dir/build
make[1]: Entering directory '/home/wp/LevelDB-CUDA/build/CMakeFiles/CMakeTmp'
Building C object CMakeFiles/cmTC_61694.dir/CheckFunctionExists.c.o
/usr/bin/cc   -DCHECK_FUNCTION_EXISTS=crc32c_value   -o CMakeFiles/cmTC_61694.dir/CheckFunctionExists.c.o   -c /usr/local/share/cmake-3.17/Modules/CheckFunctionExists.c
Linking C executable cmTC_61694
/usr/local/bin/cmake -E cmake_link_script CMakeFiles/cmTC_61694.dir/link.txt --verbose=1
/usr/bin/cc  -DCHECK_FUNCTION_EXISTS=crc32c_value    CMakeFiles/cmTC_61694.dir/CheckFunctionExists.c.o  -o cmTC_61694  -lcrc32c 
/usr/bin/ld: cannot find -lcrc32c
collect2: error: ld returned 1 exit status
CMakeFiles/cmTC_61694.dir/build.make:106: recipe for target 'cmTC_61694' failed
make[1]: *** [cmTC_61694] Error 1
make[1]: Leaving directory '/home/wp/LevelDB-CUDA/build/CMakeFiles/CMakeTmp'
Makefile:141: recipe for target 'cmTC_61694/fast' failed
make: *** [cmTC_61694/fast] Error 2



Determining if the function malloc exists in the tcmalloc failed with the following output:
Change Dir: /home/wp/LevelDB-CUDA/build/CMakeFiles/CMakeTmp

Run Build Command(s):/usr/bin/make cmTC_28c3e/fast && /usr/bin/make  -f CMakeFiles/cmTC_28c3e.dir/build.make CMakeFiles/cmTC_28c3e.dir/build
make[1]: Entering directory '/home/wp/LevelDB-CUDA/build/CMakeFiles/CMakeTmp'
Building C object CMakeFiles/cmTC_28c3e.dir/CheckFunctionExists.c.o
/usr/bin/cc   -DCHECK_FUNCTION_EXISTS=malloc   -o CMakeFiles/cmTC_28c3e.dir/CheckFunctionExists.c.o   -c /usr/local/share/cmake-3.17/Modules/CheckFunctionExists.c
<command-line>:0:23: warning: conflicting types for built-in function ‘malloc’ [-Wbuiltin-declaration-mismatch]
/usr/local/share/cmake-3.17/Modules/CheckFunctionExists.c:7:3: note: in expansion of macro ‘CHECK_FUNCTION_EXISTS’
   CHECK_FUNCTION_EXISTS(void);
   ^~~~~~~~~~~~~~~~~~~~~
Linking C executable cmTC_28c3e
/usr/local/bin/cmake -E cmake_link_script CMakeFiles/cmTC_28c3e.dir/link.txt --verbose=1
/usr/bin/cc  -DCHECK_FUNCTION_EXISTS=malloc    CMakeFiles/cmTC_28c3e.dir/CheckFunctionExists.c.o  -o cmTC_28c3e  -ltcmalloc 
/usr/bin/ld: cannot find -ltcmalloc
collect2: error: ld returned 1 exit status
CMakeFiles/cmTC_28c3e.dir/build.make:106: recipe for target 'cmTC_28c3e' failed
make[1]: *** [cmTC_28c3e] Error 1
make[1]: Leaving directory '/home/wp/LevelDB-CUDA/build/CMakeFiles/CMakeTmp'
Makefile:141: recipe for target 'cmTC_28c3e/fast' failed
make: *** [cmTC_28c3e/fast] Error 2



Determining if the F_FULLFSYNC exist failed with the following output:
Change Dir: /home/wp/LevelDB-CUDA/build/CMakeFiles/CMakeTmp

Run Build Command(s):/usr/bin/make cmTC_0cfa2/fast && /usr/bin/make  -f CMakeFiles/cmTC_0cfa2.dir/build.make CMakeFiles/cmTC_0cfa2.dir/build
make[1]: Entering directory '/home/wp/LevelDB-CUDA/build/CMakeFiles/CMakeTmp'
Building CXX object CMakeFiles/cmTC_0cfa2.dir/CheckSymbolExists.cxx.o
/usr/bin/c++     -o CMakeFiles/cmTC_0cfa2.dir/CheckSymbolExists.cxx.o -c /home/wp/LevelDB-CUDA/build/CMakeFiles/CMakeTmp/CheckSymbolExists.cxx
/home/wp/LevelDB-CUDA/build/CMakeFiles/CMakeTmp/CheckSymbolExists.cxx: In function ‘int main(int, char**)’:
/home/wp/LevelDB-CUDA/build/CMakeFiles/CMakeTmp/CheckSymbolExists.cxx:8:19: error: ‘F_FULLFSYNC’ was not declared in this scope
   return ((int*)(&F_FULLFSYNC))[argc];
                   ^~~~~~~~~~~
/home/wp/LevelDB-CUDA/build/CMakeFiles/CMakeTmp/CheckSymbolExists.cxx:8:19: note: suggested alternative: ‘O_FSYNC’
   return ((int*)(&F_FULLFSYNC))[argc];
                   ^~~~~~~~~~~
                   O_FSYNC
CMakeFiles/cmTC_0cfa2.dir/build.make:85: recipe for target 'CMakeFiles/cmTC_0cfa2.dir/CheckSymbolExists.cxx.o' failed
make[1]: *** [CMakeFiles/cmTC_0cfa2.dir/CheckSymbolExists.cxx.o] Error 1
make[1]: Leaving directory '/home/wp/LevelDB-CUDA/build/CMakeFiles/CMakeTmp'
Makefile:141: recipe for target 'cmTC_0cfa2/fast' failed
make: *** [cmTC_0cfa2/fast] Error 2


File /home/wp/LevelDB-CUDA/build/CMakeFiles/CMakeTmp/CheckSymbolExists.cxx:
/* */
#include <fcntl.h>

int main(int argc, char** argv)
{
  (void)argv;
#ifndef F_FULLFSYNC
  return ((int*)(&F_FULLFSYNC))[argc];
#else
  (void)argc;
  return 0;
#endif
}
Performing C++ SOURCE FILE Test HAVE_CLANG_THREAD_SAFETY failed with the following output:
Change Dir: /home/wp/LevelDB-CUDA/build/CMakeFiles/CMakeTmp

Run Build Command(s):/usr/bin/make cmTC_6af86/fast && /usr/bin/make  -f CMakeFiles/cmTC_6af86.dir/build.make CMakeFiles/cmTC_6af86.dir/build
make[1]: Entering directory '/home/wp/LevelDB-CUDA/build/CMakeFiles/CMakeTmp'
Building CXX object CMakeFiles/cmTC_6af86.dir/src.cxx.o
/usr/bin/c++    -DHAVE_CLANG_THREAD_SAFETY -Werror   -o CMakeFiles/cmTC_6af86.dir/src.cxx.o -c /home/wp/LevelDB-CUDA/build/CMakeFiles/CMakeTmp/src.cxx
/home/wp/LevelDB-CUDA/build/CMakeFiles/CMakeTmp/src.cxx:2:34: error: ‘lockable’ attribute directive ignored [-Werror=attributes]
 struct __attribute__((lockable)) Lock {
                                  ^~~~
/home/wp/LevelDB-CUDA/build/CMakeFiles/CMakeTmp/src.cxx:3:59: error: ‘exclusive_lock_function’ attribute directive ignored [-Werror=attributes]
   void Acquire() __attribute__((exclusive_lock_function()));
                                                           ^
/home/wp/LevelDB-CUDA/build/CMakeFiles/CMakeTmp/src.cxx:4:51: error: ‘unlock_function’ attribute directive ignored [-Werror=attributes]
   void Release() __attribute__((unlock_function()));
                                                   ^
/home/wp/LevelDB-CUDA/build/CMakeFiles/CMakeTmp/src.cxx:8:46: error: ‘guarded_by’ attribute directive ignored [-Werror=attributes]
   int data_ __attribute__((guarded_by(lock_)));
                                              ^
cc1plus: all warnings being treated as errors
CMakeFiles/cmTC_6af86.dir/build.make:85: recipe for target 'CMakeFiles/cmTC_6af86.dir/src.cxx.o' failed
make[1]: *** [CMakeFiles/cmTC_6af86.dir/src.cxx.o] Error 1
make[1]: Leaving directory '/home/wp/LevelDB-CUDA/build/CMakeFiles/CMakeTmp'
Makefile:141: recipe for target 'cmTC_6af86/fast' failed
make: *** [cmTC_6af86/fast] Error 2


Source file was:

struct __attribute__((lockable)) Lock {
  void Acquire() __attribute__((exclusive_lock_function()));
  void Release() __attribute__((unlock_function()));
};
struct ThreadSafeType {
  Lock lock_;
  int data_ __attribute__((guarded_by(lock_)));
};
int main() { return 0; }

Performing C SOURCE FILE Test CMAKE_HAVE_LIBC_PTHREAD failed with the following output:
Change Dir: /home/wp/LevelDB-CUDA/build/CMakeFiles/CMakeTmp

Run Build Command(s):/usr/bin/make cmTC_3eb6f/fast && /usr/bin/make  -f CMakeFiles/cmTC_3eb6f.dir/build.make CMakeFiles/cmTC_3eb6f.dir/build
make[1]: Entering directory '/home/wp/LevelDB-CUDA/build/CMakeFiles/CMakeTmp'
Building C object CMakeFiles/cmTC_3eb6f.dir/src.c.o
/usr/bin/cc   -DCMAKE_HAVE_LIBC_PTHREAD   -o CMakeFiles/cmTC_3eb6f.dir/src.c.o   -c /home/wp/LevelDB-CUDA/build/CMakeFiles/CMakeTmp/src.c
Linking C executable cmTC_3eb6f
/usr/local/bin/cmake -E cmake_link_script CMakeFiles/cmTC_3eb6f.dir/link.txt --verbose=1
/usr/bin/cc  -DCMAKE_HAVE_LIBC_PTHREAD    CMakeFiles/cmTC_3eb6f.dir/src.c.o  -o cmTC_3eb6f 
CMakeFiles/cmTC_3eb6f.dir/src.c.o: In function `main':
src.c:(.text+0x3e): undefined reference to `pthread_create'
src.c:(.text+0x4a): undefined reference to `pthread_detach'
src.c:(.text+0x56): undefined reference to `pthread_cancel'
src.c:(.text+0x67): undefined reference to `pthread_join'
src.c:(.text+0x7b): undefined reference to `pthread_atfork'
collect2: error: ld returned 1 exit status
CMakeFiles/cmTC_3eb6f.dir/build.make:106: recipe for target 'cmTC_3eb6f' failed
make[1]: *** [cmTC_3eb6f] Error 1
make[1]: Leaving directory '/home/wp/LevelDB-CUDA/build/CMakeFiles/CMakeTmp'
Makefile:141: recipe for target 'cmTC_3eb6f/fast' failed
make: *** [cmTC_3eb6f/fast] Error 2


Source file was:
#include <pthread.h>

void* test_func(void* data)
{
  return data;
}

int main(void)
{
  pthread_t thread;
  pthread_create(&thread, NULL, test_func, NULL);
  pthread_detach(thread);
  pthread_cancel(thread);
  pthread_join(thread, NULL);
  pthread_atfork(NULL, NULL, NULL);
  pthread_exit(NULL);

  return 0;
}

Determining if the function pthread_create exists in the pthreads failed with the following output:
Change Dir: /home/wp/LevelDB-CUDA/build/CMakeFiles/CMakeTmp

Run Build Command(s):/usr/bin/make cmTC_87c44/fast && /usr/bin/make  -f CMakeFiles/cmTC_87c44.dir/build.make CMakeFiles/cmTC_87c44.dir/build
make[1]: Entering directory '/home/wp/LevelDB-CUDA/build/CMakeFiles/CMakeTmp'
Building C object CMakeFiles/cmTC_87c44.dir/CheckFunctionExists.c.o
/usr/bin/cc   -DCHECK_FUNCTION_EXISTS=pthread_create   -o CMakeFiles/cmTC_87c44.dir/CheckFunctionExists.c.o   -c /usr/local/share/cmake-3.17/Modules/CheckFunctionExists.c
Linking C executable cmTC_87c44
/usr/local/bin/cmake -E cmake_link_script CMakeFiles/cmTC_87c44.dir/link.txt --verbose=1
/usr/bin/cc  -DCHECK_FUNCTION_EXISTS=pthread_create    CMakeFiles/cmTC_87c44.dir/CheckFunctionExists.c.o  -o cmTC_87c44  -lpthreads 
/usr/bin/ld: cannot find -lpthreads
collect2: error: ld returned 1 exit status
CMakeFiles/cmTC_87c44.dir/build.make:106: recipe for target 'cmTC_87c44' failed
make[1]: *** [cmTC_87c44] Error 1
make[1]: Leaving directory '/home/wp/LevelDB-CUDA/build/CMakeFiles/CMakeTmp'
Makefile:141: recipe for target 'cmTC_87c44/fast' failed
make: *** [cmTC_87c44/fast] Error 2



Determining if the function sqlite3_open exists in the sqlite3 failed with the following output:
Change Dir: /home/wp/LevelDB-CUDA/build/CMakeFiles/CMakeTmp

Run Build Command(s):/usr/bin/make cmTC_90ae7/fast && /usr/bin/make  -f CMakeFiles/cmTC_90ae7.dir/build.make CMakeFiles/cmTC_90ae7.dir/build
make[1]: Entering directory '/home/wp/LevelDB-CUDA/build/CMakeFiles/CMakeTmp'
Building C object CMakeFiles/cmTC_90ae7.dir/CheckFunctionExists.c.o
/usr/bin/cc   -DCHECK_FUNCTION_EXISTS=sqlite3_open   -o CMakeFiles/cmTC_90ae7.dir/CheckFunctionExists.c.o   -c /usr/local/share/cmake-3.17/Modules/CheckFunctionExists.c
Linking C executable cmTC_90ae7
/usr/local/bin/cmake -E cmake_link_script CMakeFiles/cmTC_90ae7.dir/link.txt --verbose=1
/usr/bin/cc  -DCHECK_FUNCTION_EXISTS=sqlite3_open    CMakeFiles/cmTC_90ae7.dir/CheckFunctionExists.c.o  -o cmTC_90ae7  -lsqlite3 
/usr/bin/ld: cannot find -lsqlite3
collect2: error: ld returned 1 exit status
CMakeFiles/cmTC_90ae7.dir/build.make:106: recipe for target 'cmTC_90ae7' failed
make[1]: *** [cmTC_90ae7] Error 1
make[1]: Leaving directory '/home/wp/LevelDB-CUDA/build/CMakeFiles/CMakeTmp'
Makefile:141: recipe for target 'cmTC_90ae7/fast' failed
make: *** [cmTC_90ae7/fast] Error 2



Performing C++ SOURCE FILE Test HAVE_KYOTOCABINET failed with the following output:
Change Dir: /home/wp/LevelDB-CUDA/build/CMakeFiles/CMakeTmp

Run Build Command(s):/usr/bin/make cmTC_a8bfc/fast && /usr/bin/make  -f CMakeFiles/cmTC_a8bfc.dir/build.make CMakeFiles/cmTC_a8bfc.dir/build
make[1]: Entering directory '/home/wp/LevelDB-CUDA/build/CMakeFiles/CMakeTmp'
Building CXX object CMakeFiles/cmTC_a8bfc.dir/src.cxx.o
/usr/bin/c++    -DHAVE_KYOTOCABINET   -o CMakeFiles/cmTC_a8bfc.dir/src.cxx.o -c /home/wp/LevelDB-CUDA/build/CMakeFiles/CMakeTmp/src.cxx
/home/wp/LevelDB-CUDA/build/CMakeFiles/CMakeTmp/src.cxx:2:10: fatal error: kcpolydb.h: No such file or directory
 #include <kcpolydb.h>
          ^~~~~~~~~~~~
compilation terminated.
CMakeFiles/cmTC_a8bfc.dir/build.make:85: recipe for target 'CMakeFiles/cmTC_a8bfc.dir/src.cxx.o' failed
make[1]: *** [CMakeFiles/cmTC_a8bfc.dir/src.cxx.o] Error 1
make[1]: Leaving directory '/home/wp/LevelDB-CUDA/build/CMakeFiles/CMakeTmp'
Makefile:141: recipe for target 'cmTC_a8bfc/fast' failed
make: *** [cmTC_a8bfc/fast] Error 2


Source file was:

#include <kcpolydb.h>

int main() {
  kyotocabinet::TreeDB* db = new kyotocabinet::TreeDB();
  delete db;
  return 0;
}
  
